INFO:     Started server process [74798]
INFO:     Waiting for application startup.
INFO:     ASGI 'lifespan' protocol appears unsupported.
INFO:     Application startup complete.
INFO:     Uvicorn running on http://127.0.0.1:8000 (Press CTRL+C to quit)
ERROR:    Exception in ASGI application
Traceback (most recent call last):
  File "/Users/aminsehati/.pyenv/versions/3.11.12/lib/python3.11/site-packages/uvicorn/protocols/http/httptools_impl.py", line 409, in run_asgi
    result = await app(  # type: ignore[func-returns-value]
             ^^^^^^^^^^^^^^^^^^^^^^^^^^^^^^^^^^^^^^^^^^^^^^
  File "/Users/aminsehati/.pyenv/versions/3.11.12/lib/python3.11/site-packages/uvicorn/middleware/proxy_headers.py", line 60, in __call__
    return await self.app(scope, receive, send)
           ^^^^^^^^^^^^^^^^^^^^^^^^^^^^^^^^^^^^
  File "/Users/aminsehati/.pyenv/versions/3.11.12/lib/python3.11/site-packages/fastapi/applications.py", line 1106, in __call__
    await super().__call__(scope, receive, send)
  File "/Users/aminsehati/.pyenv/versions/3.11.12/lib/python3.11/site-packages/starlette/applications.py", line 112, in __call__
    self.middleware_stack = self.build_middleware_stack()
                            ^^^^^^^^^^^^^^^^^^^^^^^^^^^^^
  File "/Users/aminsehati/.pyenv/versions/3.11.12/lib/python3.11/site-packages/fastapi/applications.py", line 1014, in build_middleware_stack
    for cls, options in reversed(middleware):
        ^^^^^^^^^^^^
ValueError: too many values to unpack (expected 2)
INFO:     127.0.0.1:55452 - "POST / HTTP/1.1" 500 Internal Server Error
INFO:     Shutting down
INFO:     Finished server process [74798]
